<?xml version="1.0" encoding="UTF-8"?>
<!-- Generated by org.testng.reporters.JUnitReportReporter -->
<testsuite skipped="0" hostname="DESKTOP-OKJ6GLG" name="com.tests.Git_Gmail_MavenProject7.LoginTest" tests="1" failures="0" timestamp="2020-05-01T06:33:52 IST" time="4.350" errors="0">
  <testcase name="doLogin" time="4.350" classname="com.tests.Git_Gmail_MavenProject7.LoginTest"/>
  <system-out/>
</testsuite> <!-- com.tests.Git_Gmail_MavenProject7.LoginTest -->
